<?xml version="1.0" encoding="UTF-8"?>
<testng-results skipped="0" failed="0" total="3" passed="3">
  <reporter-output>
  </reporter-output>
  <suite name="ClearTripRegression" duration-ms="99503" started-at="2017-08-26T10:18:40Z" finished-at="2017-08-26T10:20:19Z">
    <groups>
    </groups>
    <test name="Test" duration-ms="99503" started-at="2017-08-26T10:18:40Z" finished-at="2017-08-26T10:20:19Z">
      <class name="com.ClearTrip.Regression.Hotel.TestCase.BookHotel">
        <test-method status="PASS" signature="Setup()[pri:0, instance:com.ClearTrip.Regression.Hotel.TestCase.BookHotel@58ceff1]" name="Setup" is-config="true" duration-ms="11956" started-at="2017-08-26T15:49:32Z" finished-at="2017-08-26T15:49:44Z">
          <reporter-output>
          </reporter-output>
        </test-method> <!-- Setup -->
        <test-method status="PASS" signature="BookHotelPage()[pri:0, instance:com.ClearTrip.Regression.Hotel.TestCase.BookHotel@58ceff1]" name="BookHotelPage" duration-ms="32837" started-at="2017-08-26T15:49:44Z" finished-at="2017-08-26T15:50:17Z">
          <reporter-output>
          </reporter-output>
        </test-method> <!-- BookHotelPage -->
        <test-method status="PASS" signature="Teardown()[pri:0, instance:com.ClearTrip.Regression.Hotel.TestCase.BookHotel@58ceff1]" name="Teardown" is-config="true" duration-ms="2354" started-at="2017-08-26T15:50:17Z" finished-at="2017-08-26T15:50:19Z">
          <reporter-output>
          </reporter-output>
        </test-method> <!-- Teardown -->
      </class> <!-- com.ClearTrip.Regression.Hotel.TestCase.BookHotel -->
      <class name="com.ClearTrip.Regression.Hotel.TestCase.OpenClearTrip">
        <test-method status="PASS" signature="Setup()[pri:0, instance:com.ClearTrip.Regression.Hotel.TestCase.OpenClearTrip@1134affc]" name="Setup" is-config="true" duration-ms="9346" started-at="2017-08-26T15:48:40Z" finished-at="2017-08-26T15:48:49Z">
          <reporter-output>
          </reporter-output>
        </test-method> <!-- Setup -->
        <test-method status="PASS" signature="OpenClearTripPage()[pri:0, instance:com.ClearTrip.Regression.Hotel.TestCase.OpenClearTrip@1134affc]" name="OpenClearTripPage" duration-ms="1849" started-at="2017-08-26T15:48:49Z" finished-at="2017-08-26T15:48:51Z">
          <reporter-output>
          </reporter-output>
        </test-method> <!-- OpenClearTripPage -->
        <test-method status="PASS" signature="Teardown()[pri:0, instance:com.ClearTrip.Regression.Hotel.TestCase.OpenClearTrip@1134affc]" name="Teardown" is-config="true" duration-ms="2332" started-at="2017-08-26T15:48:51Z" finished-at="2017-08-26T15:48:53Z">
          <reporter-output>
          </reporter-output>
        </test-method> <!-- Teardown -->
      </class> <!-- com.ClearTrip.Regression.Hotel.TestCase.OpenClearTrip -->
      <class name="com.ClearTrip.Regression.Hotel.TestCase.SearchHotels">
        <test-method status="PASS" signature="Setup()[pri:0, instance:com.ClearTrip.Regression.Hotel.TestCase.SearchHotels@48140564]" name="Setup" is-config="true" duration-ms="10312" started-at="2017-08-26T15:48:53Z" finished-at="2017-08-26T15:49:03Z">
          <reporter-output>
          </reporter-output>
        </test-method> <!-- Setup -->
        <test-method status="PASS" signature="SearchHotelPage()[pri:0, instance:com.ClearTrip.Regression.Hotel.TestCase.SearchHotels@48140564]" name="SearchHotelPage" duration-ms="26372" started-at="2017-08-26T15:49:03Z" finished-at="2017-08-26T15:49:30Z">
          <reporter-output>
          </reporter-output>
        </test-method> <!-- SearchHotelPage -->
        <test-method status="PASS" signature="Teardown()[pri:0, instance:com.ClearTrip.Regression.Hotel.TestCase.SearchHotels@48140564]" name="Teardown" is-config="true" duration-ms="2126" started-at="2017-08-26T15:49:30Z" finished-at="2017-08-26T15:49:32Z">
          <reporter-output>
          </reporter-output>
        </test-method> <!-- Teardown -->
      </class> <!-- com.ClearTrip.Regression.Hotel.TestCase.SearchHotels -->
    </test> <!-- Test -->
  </suite> <!-- ClearTripRegression -->
</testng-results>
