<?xml version="1.0" encoding="UTF-8"?>
<!-- Generated by org.testng.reporters.JUnitXMLReporter -->
<testsuite hostname="Dell-PC" name="Test" tests="3" failures="0" timestamp="26 Aug 2017 10:14:52 GMT" time="101.502" errors="0">
  <testcase name="OpenClearTripPage" time="1.97" classname="com.ClearTrip.Regression.Hotel.TestCase.OpenClearTrip"/>
  <testcase name="SearchHotelPage" time="28.428" classname="com.ClearTrip.Regression.Hotel.TestCase.SearchHotels"/>
  <testcase name="BookHotelPage" time="32.312" classname="com.ClearTrip.Regression.Hotel.TestCase.BookHotel"/>
</testsuite> <!-- Test -->
