<?xml version="1.0" encoding="UTF-8"?>
<!-- Generated by org.testng.reporters.JUnitXMLReporter -->
<testsuite hostname="Dell-PC" name="Test" tests="3" failures="0" timestamp="26 Aug 2017 10:20:19 GMT" time="99.503" errors="0">
  <testcase name="OpenClearTripPage" time="1.849" classname="com.ClearTrip.Regression.Hotel.TestCase.OpenClearTrip"/>
  <testcase name="SearchHotelPage" time="26.372" classname="com.ClearTrip.Regression.Hotel.TestCase.SearchHotels"/>
  <testcase name="BookHotelPage" time="32.837" classname="com.ClearTrip.Regression.Hotel.TestCase.BookHotel"/>
</testsuite> <!-- Test -->
